[handleMsg]:  {
  key: {
    remoteJid: '59168249832@s.whatsapp.net',
    fromMe: false,
    id: '08EB35496F6DA00B4A09A4F63383CA11',
    participant: undefined
  },
  messageTimestamp: 1751259634,
  pushName: 'hotel',
  broadcast: false,
  message: Message {
    conversation: 'Hola',
    messageContextInfo: MessageContextInfo {
      deviceListMetadata: [DeviceListMetadata],
      deviceListMetadataVersion: 2,
      messageSecret: [Uint8Array]
    }
  },
  body: 'Hola',
  from: '59168249832'
}
[QUEUE_SE_ENVIO]:  {
  ref: 'ans_76a9964f-affe-48d0-8187-650c8f072250',
  keyword: 'key_0e91735e-50df-4a9f-bf80-ccfcf868ae7a',
  answer: '游뗿 Hola bienvenido al asistente virtual del hotel \n' +
    '游뗿 Hello! Welcome to hotel virtual assistant\n' +
    '                                                       \n' +
    'Porfavor escribe *Idioma* si quieres cambiar de idioma\n' +
    'Please, write *Languaje* if you want to chance the languaje',
  options: {
    media: null,
    buttons: [],
    capture: false,
    child: null,
    delay: 0,
    idle: null,
    ref: null,
    nested: [],
    keyword: {},
    callback: false
  },
  refSerialize: '520c5aef76699e1647db376ffd12785e'
}
[handleMsg]:  {
  key: {
    remoteJid: '59168249832@s.whatsapp.net',
    fromMe: false,
    id: '3925F608849740562C0EDEBABB3AD39F',
    participant: undefined
  },
  messageTimestamp: 1751259639,
  pushName: 'hotel',
  broadcast: false,
  message: Message {
    conversation: 'Idioma',
    messageContextInfo: MessageContextInfo {
      deviceListMetadata: [DeviceListMetadata],
      deviceListMetadataVersion: 2,
      messageSecret: [Uint8Array]
    }
  },
  body: 'Idioma',
  from: '59168249832'
}
[QUEUE_SE_ENVIO]:  {
  ref: 'ans_fbd9e005-db63-4386-a92b-923779015f8d',
  keyword: 'key_c2f1ad2d-e793-4ae9-9b71-d6b35baa7356',
  answer: 'Bienvenido, Puedes seleccionar tu idioma preferido\r\n' +
    'Welcome, you can chance the languaje here\r\n' +
    '\r\n' +
    'Selecciona una de las opciones:\r\n' +
    'Select one option:\r\n' +
    '\r\n' +
    'Opcion 1 ----> Espa침ol\r\n' +
    'Option 2 ----> English\r\n' +
    '\r\n' +
    'Opcion 0 ----> Salir (exit)',
  options: {
    media: null,
    buttons: [],
    capture: true,
    child: null,
    delay: 0,
    idle: null,
    ref: null,
    nested: [],
    keyword: {},
    callback: true
  },
  refSerialize: 'b7d3e45b56363de2b3ad4df8fe4a3a13'
}
[handleMsg]:  {
  key: {
    remoteJid: '59168249832@s.whatsapp.net',
    fromMe: false,
    id: '6E96068BBDB0516205D57923723A396E',
    participant: undefined
  },
  messageTimestamp: 1751259642,
  pushName: 'hotel',
  broadcast: false,
  message: Message {
    conversation: '1',
    messageContextInfo: MessageContextInfo {
      deviceListMetadata: [DeviceListMetadata],
      deviceListMetadataVersion: 2,
      messageSecret: [Uint8Array]
    }
  },
  body: '1',
  from: '59168249832'
}
[handleMsg]:  {
  key: {
    remoteJid: '59168249832@s.whatsapp.net',
    fromMe: false,
    id: 'B83494C34ED4598F852BFE83A49E66A5',
    participant: undefined
  },
  messageTimestamp: 1751259646,
  pushName: 'hotel',
  broadcast: false,
  message: Message {
    conversation: 'Pedido',
    messageContextInfo: MessageContextInfo {
      deviceListMetadata: [DeviceListMetadata],
      deviceListMetadataVersion: 2,
      messageSecret: [Uint8Array]
    }
  },
  body: 'Pedido',
  from: '59168249832'
}
[handleMsg]:  {
  key: {
    remoteJid: '59168249832@s.whatsapp.net',
    fromMe: false,
    id: '8B2C46D35754342512FE28BD3168AAC8',
    participant: undefined
  },
  messageTimestamp: 1751259655,
  pushName: 'hotel',
  broadcast: false,
  message: Message {
    conversation: '1',
    messageContextInfo: MessageContextInfo {
      deviceListMetadata: [DeviceListMetadata],
      deviceListMetadataVersion: 2,
      messageSecret: [Uint8Array]
    }
  },
  body: '1',
  from: '59168249832'
}
[QUEUE_SE_ENVIO]:  {
  ref: 'ans_95bafa22-b634-42e5-a818-b563fb6fc69c',
  keyword: 'ans_f4a3f20e-5d57-4c08-9997-c77b65a8678f',
  answer: 'Por favor, detalla el producto que deseas pedir:',
  options: {
    media: null,
    buttons: [],
    capture: true,
    child: null,
    delay: 0,
    idle: null,
    ref: null,
    nested: [],
    keyword: {},
    callback: true
  },
  refSerialize: '8005ed819ae2ef0d4c8d8a22d7c0991a'
}
[handleMsg]:  {
  key: {
    remoteJid: '59168249832@s.whatsapp.net',
    fromMe: false,
    id: 'F3D16EDEF90630014B5CD4B1F57EC00E',
    participant: undefined
  },
  messageTimestamp: 1751259662,
  pushName: 'hotel',
  broadcast: false,
  message: Message {
    conversation: 'Agua',
    messageContextInfo: MessageContextInfo {
      deviceListMetadata: [DeviceListMetadata],
      deviceListMetadataVersion: 2,
      messageSecret: [Uint8Array]
    }
  },
  body: 'Agua',
  from: '59168249832'
}
[QUEUE_SE_ENVIO]:  {
  ref: 'ans_ab8a6d27-63a2-444f-b5c5-7e31b4b70760',
  keyword: 'ans_95bafa22-b634-42e5-a818-b563fb6fc69c',
  answer: '쮺u치l es el n칰mero de habitaci칩n?',
  options: {
    media: null,
    buttons: [],
    capture: true,
    child: null,
    delay: 0,
    idle: null,
    ref: null,
    nested: [],
    keyword: {},
    callback: true
  },
  refSerialize: '3b35877bf505a1d9440752536cafded8'
}
[handleMsg]:  {
  key: {
    remoteJid: '59168249832@s.whatsapp.net',
    fromMe: false,
    id: '3E07116E091FF45A227F6F41A0C39850',
    participant: undefined
  },
  messageTimestamp: 1751259671,
  pushName: 'hotel',
  broadcast: false,
  message: Message {
    conversation: '303',
    messageContextInfo: MessageContextInfo {
      deviceListMetadata: [DeviceListMetadata],
      deviceListMetadataVersion: 2,
      messageSecret: [Uint8Array]
    }
  },
  body: '303',
  from: '59168249832'
}
[QUEUE_SE_ENVIO]:  {
  ref: 'ans_5cc94732-76c0-496d-8323-e564ad8f94d3',
  keyword: 'ans_ab8a6d27-63a2-444f-b5c5-7e31b4b70760',
  answer: '쮺u치l es la cantidad que deseas pedir?',
  options: {
    media: null,
    buttons: [],
    capture: true,
    child: null,
    delay: 0,
    idle: null,
    ref: null,
    nested: [],
    keyword: {},
    callback: true
  },
  refSerialize: '68375ec2130e9062e3e77091b26cc078'
}
[handleMsg]:  {
  key: {
    remoteJid: '59168249832@s.whatsapp.net',
    fromMe: false,
    id: '13879539660460DAB2AB0383B3AE9448',
    participant: undefined
  },
  messageTimestamp: 1751259678,
  pushName: 'hotel',
  broadcast: false,
  message: Message {
    conversation: '2',
    messageContextInfo: MessageContextInfo {
      deviceListMetadata: [DeviceListMetadata],
      deviceListMetadataVersion: 2,
      messageSecret: [Uint8Array]
    }
  },
  body: '2',
  from: '59168249832'
}
